Collecting faster-whisper
  Downloading faster_whisper-1.2.1-py3-none-any.whl.metadata (16 kB)
Collecting ctranslate2<5,>=4.0 (from faster-whisper)
  Downloading ctranslate2-4.8.1-cp311-cp311-manylinux_2_27_x86_64.manylinux_2_28_x86_64.whl.metadata (11 kB)
Collecting huggingface-hub>=0.21 (from faster-whisper)
  Downloading huggingface_hub-1.23.0-py3-none-any.whl.metadata (14 kB)
Collecting tokenizers<1,>=0.13 (from faster-whisper)
  Downloading tokenizers-0.23.1-cp310-abi3-manylinux_2_17_x86_64.manylinux2014_x86_64.whl.metadata (9.8 kB)
Collecting onnxruntime<2,>=1.14 (from faster-whisper)
  Downloading onnxruntime-1.27.0-cp311-cp311-manylinux_2_27_x86_64.manylinux_2_28_x86_64.whl.metadata (5.4 kB)
Collecting av>=11 (from faster-whisper)
  Downloading av-18.0.0-cp311-abi3-manylinux_2_28_x86_64.whl.metadata (4.5 kB)
Collecting tqdm (from faster-whisper)
  Downloading tqdm-4.68.4-py3-none-any.whl.metadata (57 kB)
Requirement already satisfied: setuptools in /opt/hostedtoolcache/Python/3.11.15/x64/lib/python3.11/site-packages (from ctranslate2<5,>=4.0->faster-whisper) (79.0.1)
Collecting numpy (from ctranslate2<5,>=4.0->faster-whisper)
  Downloading numpy-2.4.6-cp311-cp311-manylinux_2_27_x86_64.manylinux_2_28_x86_64.whl.metadata (6.6 kB)
Collecting pyyaml<7,>=5.3 (from ctranslate2<5,>=4.0->faster-whisper)
  Downloading pyyaml-6.0.3-cp311-cp311-manylinux2014_x86_64.manylinux_2_17_x86_64.manylinux_2_28_x86_64.whl.metadata (2.4 kB)
Collecting flatbuffers (from onnxruntime<2,>=1.14->faster-whisper)
  Downloading flatbuffers-25.12.19-py2.py3-none-any.whl.metadata (1.0 kB)
Collecting packaging (from onnxruntime<2,>=1.14->faster-whisper)
  Downloading packaging-26.2-py3-none-any.whl.metadata (3.5 kB)
Collecting protobuf>=4.25.8 (from onnxruntime<2,>=1.14->faster-whisper)
  Downloading protobuf-7.35.1-cp310-abi3-manylinux2014_x86_64.whl.metadata (595 bytes)
Collecting click<9.0.0,>=8.4.2 (from huggingface-hub>=0.21->faster-whisper)
  Downloading click-8.4.2-py3-none-any.whl.metadata (2.6 kB)
Collecting filelock>=3.10.0 (from huggingface-hub>=0.21->faster-whisper)
  Downloading filelock-3.29.7-py3-none-any.whl.metadata (2.0 kB)
Collecting fsspec>=2023.5.0 (from huggingface-hub>=0.21->faster-whisper)
  Downloading fsspec-2026.6.0-py3-none-any.whl.metadata (10 kB)
Collecting hf-xet<2.0.0,>=1.5.1 (from huggingface-hub>=0.21->faster-whisper)
  Downloading hf_xet-1.5.1-cp37-abi3-manylinux2014_x86_64.manylinux_2_17_x86_64.whl.metadata (4.9 kB)
Collecting httpx<1,>=0.23.0 (from huggingface-hub>=0.21->faster-whisper)
  Downloading httpx-0.28.1-py3-none-any.whl.metadata (7.1 kB)
Collecting typing-extensions>=4.1.0 (from huggingface-hub>=0.21->faster-whisper)
  Downloading typing_extensions-4.16.0-py3-none-any.whl.metadata (3.3 kB)
Collecting anyio (from httpx<1,>=0.23.0->huggingface-hub>=0.21->faster-whisper)
  Downloading anyio-4.14.1-py3-none-any.whl.metadata (4.6 kB)
Requirement already satisfied: certifi in /opt/hostedtoolcache/Python/3.11.15/x64/lib/python3.11/site-packages (from httpx<1,>=0.23.0->huggingface-hub>=0.21->faster-whisper) (2026.6.17)
Collecting httpcore==1.* (from httpx<1,>=0.23.0->huggingface-hub>=0.21->faster-whisper)
  Downloading httpcore-1.0.9-py3-none-any.whl.metadata (21 kB)
Requirement already satisfied: idna in /opt/hostedtoolcache/Python/3.11.15/x64/lib/python3.11/site-packages (from httpx<1,>=0.23.0->huggingface-hub>=0.21->faster-whisper) (3.18)
Collecting h11>=0.16 (from httpcore==1.*->httpx<1,>=0.23.0->huggingface-hub>=0.21->faster-whisper)
  Downloading h11-0.16.0-py3-none-any.whl.metadata (8.3 kB)
Downloading faster_whisper-1.2.1-py3-none-any.whl (1.1 MB)
   ━━━━━━━━━━━━━━━━━━━━━━━━━━━━━━━━━━━━━━━━ 1.1/1.1 MB 26.7 MB/s  0:00:00
Downloading ctranslate2-4.8.1-cp311-cp311-manylinux_2_27_x86_64.manylinux_2_28_x86_64.whl (39.4 MB)
   ━━━━━━━━━━━━━━━━━━━━━━━━━━━━━━━━━━━━━━━━ 39.4/39.4 MB 294.9 MB/s  0:00:00
Downloading onnxruntime-1.27.0-cp311-cp311-manylinux_2_27_x86_64.manylinux_2_28_x86_64.whl (18.6 MB)
   ━━━━━━━━━━━━━━━━━━━━━━━━━━━━━━━━━━━━━━━━ 18.6/18.6 MB 340.1 MB/s  0:00:00
Downloading pyyaml-6.0.3-cp311-cp311-manylinux2014_x86_64.manylinux_2_17_x86_64.manylinux_2_28_x86_64.whl (806 kB)
   ━━━━━━━━━━━━━━━━━━━━━━━━━━━━━━━━━━━━━━━━ 806.6/806.6 kB 160.1 MB/s  0:00:00
Downloading tokenizers-0.23.1-cp310-abi3-manylinux_2_17_x86_64.manylinux2014_x86_64.whl (3.3 MB)
   ━━━━━━━━━━━━━━━━━━━━━━━━━━━━━━━━━━━━━━━━ 3.3/3.3 MB 334.8 MB/s  0:00:00
Downloading huggingface_hub-1.23.0-py3-none-any.whl (770 kB)
   ━━━━━━━━━━━━━━━━━━━━━━━━━━━━━━━━━━━━━━━━ 770.3/770.3 kB 156.7 MB/s  0:00:00
Downloading click-8.4.2-py3-none-any.whl (119 kB)
Downloading hf_xet-1.5.1-cp37-abi3-manylinux2014_x86_64.manylinux_2_17_x86_64.whl (4.5 MB)
   ━━━━━━━━━━━━━━━━━━━━━━━━━━━━━━━━━━━━━━━━ 4.5/4.5 MB 356.6 MB/s  0:00:00
Downloading httpx-0.28.1-py3-none-any.whl (73 kB)
Downloading httpcore-1.0.9-py3-none-any.whl (78 kB)
Downloading av-18.0.0-cp311-abi3-manylinux_2_28_x86_64.whl (35.5 MB)
   ━━━━━━━━━━━━━━━━━━━━━━━━━━━━━━━━━━━━━━━━ 35.5/35.5 MB 180.0 MB/s  0:00:00
Downloading filelock-3.29.7-py3-none-any.whl (46 kB)
Downloading fsspec-2026.6.0-py3-none-any.whl (203 kB)
Downloading h11-0.16.0-py3-none-any.whl (37 kB)
Downloading numpy-2.4.6-cp311-cp311-manylinux_2_27_x86_64.manylinux_2_28_x86_64.whl (16.9 MB)
   ━━━━━━━━━━━━━━━━━━━━━━━━━━━━━━━━━━━━━━━━ 16.9/16.9 MB 308.8 MB/s  0:00:00
Downloading packaging-26.2-py3-none-any.whl (100 kB)
Downloading protobuf-7.35.1-cp310-abi3-manylinux2014_x86_64.whl (327 kB)
Downloading tqdm-4.68.4-py3-none-any.whl (676 kB)
   ━━━━━━━━━━━━━━━━━━━━━━━━━━━━━━━━━━━━━━━━ 676.6/676.6 kB 145.8 MB/s  0:00:00
Downloading typing_extensions-4.16.0-py3-none-any.whl (45 kB)
Downloading anyio-4.14.1-py3-none-any.whl (124 kB)
Downloading flatbuffers-25.12.19-py2.py3-none-any.whl (26 kB)
Installing collected packages: flatbuffers, typing-extensions, tqdm, pyyaml, protobuf, packaging, numpy, hf-xet, h11, fsspec, filelock, click, av, onnxruntime, httpcore, ctranslate2, anyio, httpx, huggingface-hub, tokenizers, faster-whisper

Successfully installed anyio-4.14.1 av-18.0.0 click-8.4.2 ctranslate2-4.8.1 faster-whisper-1.2.1 filelock-3.29.7 flatbuffers-25.12.19 fsspec-2026.6.0 h11-0.16.0 hf-xet-1.5.1 httpcore-1.0.9 httpx-0.28.1 huggingface-hub-1.23.0 numpy-2.4.6 onnxruntime-1.27.0 packaging-26.2 protobuf-7.35.1 pyyaml-6.0.3 tokenizers-0.23.1 tqdm-4.68.4 typing-extensions-4.16.0
[youtube] Extracting URL: https://www.youtube.com/watch?v=8Q6uYBylRqw
[youtube] 8Q6uYBylRqw: Downloading webpage
[youtube] 8Q6uYBylRqw: Downloading android player API JSON
[youtube] 8Q6uYBylRqw: Downloading web client config
[youtube] 8Q6uYBylRqw: Downloading web player API JSON
WARNING: [youtube] No title found in player responses; falling back to title from initial data. Other metadata may also be missing
ERROR: [youtube] 8Q6uYBylRqw: Sign in to confirm you’re not a bot. Use --cookies-from-browser or --cookies for the authentication. See  https://github.com/yt-dlp/yt-dlp/wiki/FAQ#how-do-i-pass-cookies-to-yt-dlp  for how to manually pass cookies. Also see  https://github.com/yt-dlp/yt-dlp/wiki/Extractors#exporting-youtube-cookies  for tips on effectively exporting YouTube cookies
